<?xml version="1.0" encoding="UTF-8"?>
<testng-results ignored="0" total="1" passed="1" failed="0" skipped="0">
  <reporter-output>
  </reporter-output>
  <suite started-at="2020-02-23T12:26:37 EST" name="SimpleTest" finished-at="2020-02-23T12:26:37 EST" duration-ms="59">
    <groups>
    </groups>
    <test started-at="2020-02-23T12:26:37 EST" name="Command line test" finished-at="2020-02-23T12:26:37 EST" duration-ms="59">
      <class name="SimpleTest">
        <test-method signature="passingTest()[pri:0, instance:SimpleTest@27a5f880]" started-at="2020-02-23T12:26:37 EST" name="passingTest" finished-at="2020-02-23T12:26:37 EST" duration-ms="9" status="PASS">
          <reporter-output>
          </reporter-output>
        </test-method> <!-- passingTest -->
      </class> <!-- SimpleTest -->
    </test> <!-- Command line test -->
  </suite> <!-- SimpleTest -->
</testng-results>
